Determining if the pthread_create exist failed with the following output:
Change Dir: /home/yzs/CLionProjects/boost-asio-dns/cmake-build-debug/CMakeFiles/CMakeTmp

Run Build Command:"/usr/bin/make" "cmTC_b6eb9/fast"
/usr/bin/make -f CMakeFiles/cmTC_b6eb9.dir/build.make CMakeFiles/cmTC_b6eb9.dir/build
make[1]: Entering directory '/home/yzs/CLionProjects/boost-asio-dns/cmake-build-debug/CMakeFiles/CMakeTmp'
Building C object CMakeFiles/cmTC_b6eb9.dir/CheckSymbolExists.c.o
/usr/bin/cc    -o CMakeFiles/cmTC_b6eb9.dir/CheckSymbolExists.c.o   -c /home/yzs/CLionProjects/boost-asio-dns/cmake-build-debug/CMakeFiles/CMakeTmp/CheckSymbolExists.c
Linking C executable cmTC_b6eb9
/home/yzs/Downloads/clion-2017.3/bin/cmake/bin/cmake -E cmake_link_script CMakeFiles/cmTC_b6eb9.dir/link.txt --verbose=1
/usr/bin/cc      CMakeFiles/cmTC_b6eb9.dir/CheckSymbolExists.c.o  -o cmTC_b6eb9 
CMakeFiles/cmTC_b6eb9.dir/CheckSymbolExists.c.o: In function `main':
CheckSymbolExists.c:(.text+0x16): undefined reference to `pthread_create'
collect2: error: ld returned 1 exit status
CMakeFiles/cmTC_b6eb9.dir/build.make:97: recipe for target 'cmTC_b6eb9' failed
make[1]: *** [cmTC_b6eb9] Error 1
make[1]: Leaving directory '/home/yzs/CLionProjects/boost-asio-dns/cmake-build-debug/CMakeFiles/CMakeTmp'
Makefile:126: recipe for target 'cmTC_b6eb9/fast' failed
make: *** [cmTC_b6eb9/fast] Error 2

File /home/yzs/CLionProjects/boost-asio-dns/cmake-build-debug/CMakeFiles/CMakeTmp/CheckSymbolExists.c:
/* */
#include <pthread.h>

int main(int argc, char** argv)
{
  (void)argv;
#ifndef pthread_create
  return ((int*)(&pthread_create))[argc];
#else
  (void)argc;
  return 0;
#endif
}

Determining if the function pthread_create exists in the pthreads failed with the following output:
Change Dir: /home/yzs/CLionProjects/boost-asio-dns/cmake-build-debug/CMakeFiles/CMakeTmp

Run Build Command:"/usr/bin/make" "cmTC_b8d15/fast"
/usr/bin/make -f CMakeFiles/cmTC_b8d15.dir/build.make CMakeFiles/cmTC_b8d15.dir/build
make[1]: Entering directory '/home/yzs/CLionProjects/boost-asio-dns/cmake-build-debug/CMakeFiles/CMakeTmp'
Building C object CMakeFiles/cmTC_b8d15.dir/CheckFunctionExists.c.o
/usr/bin/cc   -DCHECK_FUNCTION_EXISTS=pthread_create   -o CMakeFiles/cmTC_b8d15.dir/CheckFunctionExists.c.o   -c /home/yzs/Downloads/clion-2017.3/bin/cmake/share/cmake-3.9/Modules/CheckFunctionExists.c
Linking C executable cmTC_b8d15
/home/yzs/Downloads/clion-2017.3/bin/cmake/bin/cmake -E cmake_link_script CMakeFiles/cmTC_b8d15.dir/link.txt --verbose=1
/usr/bin/cc  -DCHECK_FUNCTION_EXISTS=pthread_create    CMakeFiles/cmTC_b8d15.dir/CheckFunctionExists.c.o  -o cmTC_b8d15 -lpthreads 
/usr/bin/ld: cannot find -lpthreads
collect2: error: ld returned 1 exit status
CMakeFiles/cmTC_b8d15.dir/build.make:97: recipe for target 'cmTC_b8d15' failed
make[1]: *** [cmTC_b8d15] Error 1
make[1]: Leaving directory '/home/yzs/CLionProjects/boost-asio-dns/cmake-build-debug/CMakeFiles/CMakeTmp'
Makefile:126: recipe for target 'cmTC_b8d15/fast' failed
make: *** [cmTC_b8d15/fast] Error 2


